{"C:\\Users\\52744\\MICROVERSE\\MODULE2\\Capstone-Project-Module2\\src\\modules\\counter.js": {"path":"C:\\Users\\52744\\MICROVERSE\\MODULE2\\Capstone-Project-Module2\\src\\modules\\counter.js","statementMap":{"0":{"start":{"line":1,"column":22},"end":{"line":1,"column":60}},"1":{"start":{"line":1,"column":45},"end":{"line":1,"column":60}},"2":{"start":{"line":3,"column":20},"end":{"line":3,"column":43}},"3":{"start":{"line":3,"column":31},"end":{"line":3,"column":43}}},"fnMap":{"0":{"name":"(anonymous_0)","decl":{"start":{"line":1,"column":22},"end":{"line":1,"column":23}},"loc":{"start":{"line":1,"column":45},"end":{"line":1,"column":60}},"line":1},"1":{"name":"(anonymous_1)","decl":{"start":{"line":3,"column":20},"end":{"line":3,"column":21}},"loc":{"start":{"line":3,"column":31},"end":{"line":3,"column":43}},"line":3}},"branchMap":{},"s":{"0":1,"1":1,"2":1,"3":1},"f":{"0":1,"1":1},"b":{},"_coverageSchema":"1a1c01bbd47fc00a2c39e90264f33305004495a9","hash":"325cda1d17f529dcf9db20a20b81dc0e16a0ccdf"}
}
