{"C:\\Users\\Angel Joy\\Desktop\\Code\\Capstone-Project-Module2\\src\\modules\\counter.js": {"path":"C:\\Users\\Angel Joy\\Desktop\\Code\\Capstone-Project-Module2\\src\\modules\\counter.js","statementMap":{"0":{"start":{"line":2,"column":22},"end":{"line":2,"column":60}},"1":{"start":{"line":2,"column":45},"end":{"line":2,"column":60}},"2":{"start":{"line":4,"column":26},"end":{"line":4,"column":72}},"3":{"start":{"line":4,"column":53},"end":{"line":4,"column":72}},"4":{"start":{"line":6,"column":20},"end":{"line":6,"column":43}},"5":{"start":{"line":6,"column":31},"end":{"line":6,"column":43}}},"fnMap":{"0":{"name":"(anonymous_0)","decl":{"start":{"line":2,"column":22},"end":{"line":2,"column":23}},"loc":{"start":{"line":2,"column":45},"end":{"line":2,"column":60}},"line":2},"1":{"name":"(anonymous_1)","decl":{"start":{"line":4,"column":26},"end":{"line":4,"column":27}},"loc":{"start":{"line":4,"column":53},"end":{"line":4,"column":72}},"line":4},"2":{"name":"(anonymous_2)","decl":{"start":{"line":6,"column":20},"end":{"line":6,"column":21}},"loc":{"start":{"line":6,"column":31},"end":{"line":6,"column":43}},"line":6}},"branchMap":{},"s":{"0":1,"1":1,"2":1,"3":1,"4":1,"5":1},"f":{"0":1,"1":1,"2":1},"b":{},"_coverageSchema":"1a1c01bbd47fc00a2c39e90264f33305004495a9","hash":"2a2eefe93538a0e48f8e4cdba8b2dbbcc7aba97a"}
}
